
  [39;41;1m FAIL [39;49;22m[39m CategoryControllerTest[39m
  [31;1mâ¨¯[39;22m[90m [39m[90madmin can create a category[39m[90m                                                                  [39m [90m0.62s[39m  
  [31;1mâ¨¯[39;22m[90m [39m[90madmin can create a category with image[39m[90m                                                       [39m [90m0.08s[39m  
  [31mâ”€â”€â”€â”€â”€â”€â”€â”€â”€â”€â”€â”€â”€â”€â”€â”€â”€â”€â”€â”€â”€â”€â”€â”€â”€â”€â”€â”€â”€â”€â”€â”€â”€â”€â”€â”€â”€â”€â”€â”€â”€â”€â”€â”€â”€â”€â”€â”€â”€â”€â”€â”€â”€â”€â”€â”€â”€â”€â”€â”€â”€â”€â”€â”€â”€â”€â”€â”€â”€â”€â”€â”€â”€â”€â”€â”€â”€â”€â”€â”€â”€â”€â”€â”€â”€â”€â”€â”€â”€â”€â”€â”€â”€â”€â”€â”€â”€â”€â”€â”€â”€[39m  
  [41;1m FAILED [49;22m [1mCategoryControllerTest[22m [90m>[39m admin can create a category                                          
[39;1m  Expected response status code [201] but received 403.
Failed asserting that 403 is identical to 201.[39;22m

  at [32mtests\Feature\CategoryControllerTest.php[39m:[32m116[39m
    112â–•             'name' => 'New Category',
    113â–•         ]);
    114â–• 
    115â–•         // Assert: Check creation and database entry
  âœ 116â–•         $response->assertStatus(201)
    117â–•                  ->assertJson(['message' => 'Category created successfully.'])
    118â–•                  ->assertJsonStructure(['category' => ['id', 'name', 'image_url', 'created_at', 'updated_at']]);
    119â–• 
    120â–•         $this->assertDatabaseHas('categories', ['name' => 'New Category']);

  [31mâ”€â”€â”€â”€â”€â”€â”€â”€â”€â”€â”€â”€â”€â”€â”€â”€â”€â”€â”€â”€â”€â”€â”€â”€â”€â”€â”€â”€â”€â”€â”€â”€â”€â”€â”€â”€â”€â”€â”€â”€â”€â”€â”€â”€â”€â”€â”€â”€â”€â”€â”€â”€â”€â”€â”€â”€â”€â”€â”€â”€â”€â”€â”€â”€â”€â”€â”€â”€â”€â”€â”€â”€â”€â”€â”€â”€â”€â”€â”€â”€â”€â”€â”€â”€â”€â”€â”€â”€â”€â”€â”€â”€â”€â”€â”€â”€â”€â”€â”€â”€â”€[39m  
  [41;1m FAILED [49;22m [1mCategoryControllerTest[22m [90m>[39m admin can create a category with image                               
[39;1m  Expected response status code [201] but received 403.
Failed asserting that 403 is identical to 201.[39;22m

  at [32mtests\Feature\CategoryControllerTest.php[39m:[32m139[39m
    135â–•             'image' => $image,
    136â–•         ]);
    137â–• 
    138â–•         // Assert: Check creation and database entry
  âœ 139â–•         $response->assertStatus(201)
    140â–•                  ->assertJson(['message' => 'Category created successfully.'])
    141â–•                  ->assertJsonStructure(['category' => ['id', 'name', 'image_url', 'created_at', 'updated_at']]);
    142â–• 
    143â–•         $this->assertDatabaseHas('categories', [


  [90mTests:[39m    [31;1m2 failed[39;22m[90m (2 assertions)[39m
  [90mDuration:[39m [39m0.95s[39m

